 rrtatm
  6.363903221969756E+023  5.566973264216382E+023  5.352788641707997E+023
  5.195494221337840E+023  5.062234926386044E+023  4.963392917933719E+023
  4.823798972278549E+023  4.710858119066668E+023  4.601328568975214E+023
  4.517668587794723E+023
  3.362500219019373E+021  2.708037714015309E+021  2.221568635337019E+021
  1.965073038393339E+021  1.950304990503365E+021  2.060239791403394E+021
  2.156488923624205E+021  2.230010171759682E+021  2.258764649357346E+021
  2.206092437414449E+021
 rrtatm
  6.363903221969756E+023  5.566973264216382E+023  5.352788641707997E+023
  5.195494221337840E+023  5.062234926386044E+023  4.963392917933719E+023
  4.823798972278549E+023  4.710858119066668E+023  4.601328568975214E+023
  4.517668587794723E+023
  3.362500219019373E+021  2.708037714015309E+021  2.221568635337019E+021
  1.965073038393339E+021  1.950304990503365E+021  2.060239791403394E+021
  2.156488923624205E+021  2.230010171759682E+021  2.258764649357346E+021
  2.206092437414449E+021
 rrtatm
  6.363903221969756E+023  5.566973264216382E+023  5.352788641707997E+023
  5.195494221337840E+023  5.062234926386044E+023  4.963392917933719E+023
  4.823798972278549E+023  4.710858119066668E+023  4.601328568975214E+023
  4.517668587794723E+023
  3.362500219019373E+021  2.708037714015309E+021  2.221568635337019E+021
  1.965073038393339E+021  1.950304990503365E+021  2.060239791403394E+021
  2.156488923624205E+021  2.230010171759682E+021  2.258764649357346E+021
  2.206092437414449E+021
 rrtatm
  6.363903221969756E+023  5.566973264216382E+023  5.352788641707997E+023
  5.195494221337840E+023  5.062234926386044E+023  4.963392917933719E+023
  4.823798972278549E+023  4.710858119066668E+023  4.601328568975214E+023
  4.517668587794723E+023
  3.362500219019373E+021  2.708037714015309E+021  2.221568635337019E+021
  1.965073038393339E+021  1.950304990503365E+021  2.060239791403394E+021
  2.156488923624205E+021  2.230010171759682E+021  2.258764649357346E+021
  2.206092437414449E+021
 rrtatm
  6.363903221969756E+023  5.566973264216382E+023  5.352788641707997E+023
  5.195494221337840E+023  5.062234926386044E+023  4.963392917933719E+023
  4.823798972278549E+023  4.710858119066668E+023  4.601328568975214E+023
  4.517668587794723E+023
  3.362500219019373E+021  2.708037714015309E+021  2.221568635337019E+021
  1.965073038393339E+021  1.950304990503365E+021  2.060239791403394E+021
  2.156488923624205E+021  2.230010171759682E+021  2.258764649357346E+021
  2.206092437414449E+021
 rrtatm
  6.363903221969756E+023  5.566973264216382E+023  5.352788641707997E+023
  5.195494221337840E+023  5.062234926386044E+023  4.963392917933719E+023
  4.823798972278549E+023  4.710858119066668E+023  4.601328568975214E+023
  4.517668587794723E+023
  3.362500219019373E+021  2.708037714015309E+021  2.221568635337019E+021
  1.965073038393339E+021  1.950304990503365E+021  2.060239791403394E+021
  2.156488923624205E+021  2.230010171759682E+021  2.258764649357346E+021
  2.206092437414449E+021
/home/eb/software/Python/3.6.1-intel-2017a/lib/python3.6/site-packages/numpy-1.13.1-py3.6-linux-x86_64.egg/numpy/core/fromnumeric.py:2909: RuntimeWarning: Mean of empty slice.
  out=out, **kwargs)
/home/eb/software/Python/3.6.1-intel-2017a/lib/python3.6/site-packages/numpy-1.13.1-py3.6-linux-x86_64.egg/numpy/core/_methods.py:80: RuntimeWarning: invalid value encountered in double_scalars
  ret = ret.dtype.type(ret / rcount)
/mnt/beegfs/user/phi.richter/ERA5_Home/interpolate_era5.py:33: RuntimeWarning: invalid value encountered in less_equal
  value = f.variables[key][:].reshape(time.size, latitude.size, longitude.size)
/mnt/beegfs/user/phi.richter/ERA5_Home/interpolate_era5.py:33: RuntimeWarning: invalid value encountered in greater
  value = f.variables[key][:].reshape(time.size, latitude.size, longitude.size)
    DIFDOWN FLUX  DIRDOWN FLUX  DOWNWARD FLUX  HEATING RATE  LEVEL  \
0         0.0000      359.8313       359.8313       0.00000   66.0   
1         2.7058      346.0231       348.7289       2.98646   65.0   
2         6.8263      335.9949       342.8212       0.73600   64.0   
3        10.6202      327.7977       338.4178       0.44740   63.0   
4        11.7693      325.2781       337.0475       0.39365   62.0   
5        11.8265      325.1389       336.9654       0.55077   61.0   
6        11.8859      324.9945       336.8803       0.55294   60.0   
7        11.9436      324.8542       336.7977       0.49783   59.0   
8        12.3565      323.8587       336.2152       0.55809   58.0   
9        12.7811      322.8504       335.6315       0.54034   57.0   
10       13.2193      321.8279       335.0472       0.53609   56.0   
11       13.6672      320.8013       334.4685       0.48979   55.0   
12       14.1267      319.7655       333.8922       0.48827   54.0   
13       14.5981      318.6994       333.2975       0.40937   53.0   
14       15.0843      317.5760       332.6603       0.42290   52.0   
15       15.5806      316.4060       331.9866       0.45693   51.0   
16       16.0889      315.1913       331.2802       0.48384   50.0   
17       16.6089      313.9368       330.5457       0.48312   49.0   
18       17.1427      312.6454       329.7881       0.51683   48.0   
19       17.6845      311.3317       329.0162       0.48450   47.0   
20       18.2351      309.9812       328.2163       0.46722   46.0   
21       18.7935      308.5865       327.3800       0.48852   45.0   
22       19.3617      307.1443       326.5061       0.51337   44.0   
23       19.9339      305.6686       325.6025       0.54291   43.0   
24       20.5121      304.1511       324.6632       0.55966   42.0   
25       21.0968      302.5975       323.6943       0.52603   41.0   
26       21.6911      301.0035       322.6946       0.54562   40.0   
27       22.2889      299.3808       321.6697       0.55789   39.0   
28       22.8924      297.7227       320.6151       0.57806   38.0   
29       23.5013      296.0305       319.5318       0.58085   37.0   
..           ...           ...            ...           ...    ...   
37       28.5731      280.8609       309.4340       0.69127   29.0   
38       29.2307      278.6854       307.9161       0.69070   28.0   
39       29.8895      276.4329       306.3224       0.73127   27.0   
40       30.5521      274.1009       304.6530       0.78172   26.0   
41       31.2180      271.6840       302.9020       0.79143   25.0   
42       31.8901      269.1486       301.0386       0.82790   24.0   
43       32.5617      266.5208       299.0825       0.87640   23.0   
44       33.2356      263.8245       297.0601       0.90339   22.0   
45       33.9120      261.1310       295.0430       0.85256   21.0   
46       34.5941      258.4727       293.0668       0.83149   20.0   
47       35.2751      255.8677       291.1427       0.79238   19.0   
48       35.9585      253.3070       289.2655       0.73463   18.0   
49       36.6448      250.7959       287.4407       0.70605   17.0   
50       37.3364      248.2905       285.6269       0.68646   16.0   
51       38.0267      245.7465       283.7732       0.68426   15.0   
52       38.7180      243.1129       281.8309       0.72817   14.0   
53       39.4131      240.3968       279.8098       0.74032   13.0   
54       40.1049      237.6390       277.7438       0.75830   12.0   
55       40.7960      234.8376       275.6336       0.77596   11.0   
56       41.4867      232.0317       273.5184       0.75731   10.0   
57       42.1802      229.2331       271.4133       0.75718    9.0   
58       42.8701      226.4964       269.3664       0.70980    8.0   
59       43.5600      223.8497       267.4098       0.67098    7.0   
60       44.2501      221.3042       265.5543       0.61274    6.0   
61       44.9435      218.8540       263.7975       0.56385    5.0   
62       45.6339      216.5060       262.1399       0.51482    4.0   
63       46.3252      214.1783       260.5035       0.49366    3.0   
64       47.0188      211.7540       258.7728       0.52531    2.0   
65       47.7200      209.1271       256.8471       0.59278    1.0   
66       48.4979      206.1107       254.6085       0.58252    0.0   

      NET FLUX  PRESSURE  UPWARD FLUX  
0   158.337747     20.01     201.4936  
1   147.715411     50.02     201.0134  
2   143.361991     99.94     199.4592  
3   140.704033    150.10     197.7138  
4   139.889234    167.50     197.1582  
5   139.835090    168.40     197.1303  
6   139.778961    169.20     197.1014  
7   139.724576    170.20     197.0732  
8   139.344442    175.90     196.8708  
9   138.970171    181.70     196.6613  
10  138.603371    187.50     196.4438  
11  138.248488    193.60     196.2200  
12  137.903379    199.60     195.9889  
13  137.547532    206.90     195.7500  
14  137.158401    214.70     195.5019  
15  136.739988    222.40     195.2466  
16  136.296922    230.20     194.9833  
17  135.834143    238.20     194.7115  
18  135.358020    246.00     194.4301  
19  134.874208    254.40     194.1420  
20  134.369491    263.60     193.8468  
21  133.834460    272.80     193.5455  
22  133.268725    282.10     193.2373  
23  132.676866    291.30     192.9257  
24  132.053483    300.70     192.6097  
25  131.405232    311.10     192.2890  
26  130.732840    321.50     191.9617  
27  130.038707    332.00     191.6310  
28  129.319486    342.50     191.2956  
29  128.576145    353.30     190.9556  
..         ...       ...          ...  
37  121.341758    451.60     188.0922  
38  120.195930    465.60     187.7201  
39  118.974139    479.70     187.3483  
40  117.677320    493.70     186.9757  
41  116.298737    508.40     186.6033  
42  114.807580    523.60     186.2310  
43  113.218686    538.90     185.8638  
44  111.559447    554.40     185.5007  
45  109.902653    570.80     185.1403  
46  108.286800    587.20     184.7800  
47  106.718775    603.90     184.4240  
48  105.195394    621.40     184.0701  
49  103.722913    639.00     183.7178  
50  102.258753    657.00     183.3681  
51  100.742522    675.70     183.0307  
52   99.120374    694.50     182.7105  
53   97.400967    714.10     182.4089  
54   95.612840    734.00     182.1310  
55   93.755507    754.20     181.8781  
56   91.871018    775.20     181.6474  
57   89.977864    796.30     181.4354  
58   88.127481    818.30     181.2390  
59   86.362390    840.50     181.0474  
60   84.699692    863.40     180.8546  
61   83.142942    886.70     180.6546  
62   81.691061    910.50     180.4488  
63   80.252059    935.10     180.2515  
64   78.677216    960.40     180.0956  
65   76.829852    986.70     180.0173  
66   74.600302   1019.00     180.0082  

[67 rows x 8 columns]
